INFO [2025-04-24 19:25:17] $x
INFO [2025-04-24 19:25:17] list(chosen_genevar, chosen_genevar_weights, chosen_pois)
INFO [2025-04-24 19:25:17] 
INFO [2025-04-24 19:25:17] $category.names
INFO [2025-04-24 19:25:17] c("Overfit", "No overfit", "Poisson")
INFO [2025-04-24 19:25:17] 
INFO [2025-04-24 19:25:17] $filename
INFO [2025-04-24 19:25:17] [1] "figures/3.FeatureSelection/VennDiagram.jpeg"
INFO [2025-04-24 19:25:17] 
INFO [2025-04-24 19:25:17] $output
INFO [2025-04-24 19:25:17] [1] TRUE
INFO [2025-04-24 19:25:17] 
INFO [2025-04-24 19:25:17] $imagetype
INFO [2025-04-24 19:25:17] [1] "png"
INFO [2025-04-24 19:25:17] 
INFO [2025-04-24 19:25:17] $height
INFO [2025-04-24 19:25:17] [1] 1500
INFO [2025-04-24 19:25:17] 
INFO [2025-04-24 19:25:17] $width
INFO [2025-04-24 19:25:17] [1] 1500
INFO [2025-04-24 19:25:17] 
INFO [2025-04-24 19:25:17] $resolution
INFO [2025-04-24 19:25:17] [1] 300
INFO [2025-04-24 19:25:17] 
INFO [2025-04-24 19:25:17] $compression
INFO [2025-04-24 19:25:17] [1] "lzw"
INFO [2025-04-24 19:25:17] 
INFO [2025-04-24 19:25:17] $lwd
INFO [2025-04-24 19:25:17] [1] 2
INFO [2025-04-24 19:25:17] 
INFO [2025-04-24 19:25:17] $lty
INFO [2025-04-24 19:25:17] [1] "blank"
INFO [2025-04-24 19:25:17] 
INFO [2025-04-24 19:25:17] $fill
INFO [2025-04-24 19:25:17] myCol
INFO [2025-04-24 19:25:17] 
INFO [2025-04-24 19:25:17] $cex
INFO [2025-04-24 19:25:17] [1] 1
INFO [2025-04-24 19:25:17] 
INFO [2025-04-24 19:25:17] $fontface
INFO [2025-04-24 19:25:17] [1] "bold"
INFO [2025-04-24 19:25:17] 
INFO [2025-04-24 19:25:17] $fontfamily
INFO [2025-04-24 19:25:17] [1] "sans"
INFO [2025-04-24 19:25:17] 
INFO [2025-04-24 19:25:17] $cat.cex
INFO [2025-04-24 19:25:17] [1] 1.2
INFO [2025-04-24 19:25:17] 
INFO [2025-04-24 19:25:17] $cat.fontface
INFO [2025-04-24 19:25:17] [1] "bold"
INFO [2025-04-24 19:25:17] 
INFO [2025-04-24 19:25:17] $cat.default.pos
INFO [2025-04-24 19:25:17] [1] "outer"
INFO [2025-04-24 19:25:17] 
INFO [2025-04-24 19:25:17] $cat.pos
INFO [2025-04-24 19:25:17] c(-20, 20, 180)
INFO [2025-04-24 19:25:17] 
INFO [2025-04-24 19:25:17] $cat.dist
INFO [2025-04-24 19:25:17] c(0.05, 0.05, 0.06)
INFO [2025-04-24 19:25:17] 
INFO [2025-04-24 19:25:17] $cat.fontfamily
INFO [2025-04-24 19:25:17] [1] "sans"
INFO [2025-04-24 19:25:17] 
INFO [2025-04-24 19:25:17] $rotation
INFO [2025-04-24 19:25:17] [1] 1
INFO [2025-04-24 19:25:17] 
