INFO [2025-05-14 13:34:20] $x
INFO [2025-05-14 13:34:20] list(chosen_genevar, chosen_genevar_weights, chosen_pois)
INFO [2025-05-14 13:34:20] 
INFO [2025-05-14 13:34:20] $category.names
INFO [2025-05-14 13:34:20] c("Overfit", "No overfit", "Poisson")
INFO [2025-05-14 13:34:20] 
INFO [2025-05-14 13:34:20] $filename
INFO [2025-05-14 13:34:20] [1] "figures/3.FeatureSelection/VennDiagram.png"
INFO [2025-05-14 13:34:20] 
INFO [2025-05-14 13:34:20] $output
INFO [2025-05-14 13:34:20] [1] TRUE
INFO [2025-05-14 13:34:20] 
INFO [2025-05-14 13:34:20] $imagetype
INFO [2025-05-14 13:34:20] [1] "png"
INFO [2025-05-14 13:34:20] 
INFO [2025-05-14 13:34:20] $height
INFO [2025-05-14 13:34:20] [1] 1500
INFO [2025-05-14 13:34:20] 
INFO [2025-05-14 13:34:20] $width
INFO [2025-05-14 13:34:20] [1] 1500
INFO [2025-05-14 13:34:20] 
INFO [2025-05-14 13:34:20] $resolution
INFO [2025-05-14 13:34:20] [1] 300
INFO [2025-05-14 13:34:20] 
INFO [2025-05-14 13:34:20] $compression
INFO [2025-05-14 13:34:20] [1] "lzw"
INFO [2025-05-14 13:34:20] 
INFO [2025-05-14 13:34:20] $lwd
INFO [2025-05-14 13:34:20] [1] 2
INFO [2025-05-14 13:34:20] 
INFO [2025-05-14 13:34:20] $lty
INFO [2025-05-14 13:34:20] [1] "blank"
INFO [2025-05-14 13:34:20] 
INFO [2025-05-14 13:34:20] $fill
INFO [2025-05-14 13:34:20] myCol
INFO [2025-05-14 13:34:20] 
INFO [2025-05-14 13:34:20] $cex
INFO [2025-05-14 13:34:20] [1] 1
INFO [2025-05-14 13:34:20] 
INFO [2025-05-14 13:34:20] $fontface
INFO [2025-05-14 13:34:20] [1] "bold"
INFO [2025-05-14 13:34:20] 
INFO [2025-05-14 13:34:20] $fontfamily
INFO [2025-05-14 13:34:20] [1] "sans"
INFO [2025-05-14 13:34:20] 
INFO [2025-05-14 13:34:20] $cat.cex
INFO [2025-05-14 13:34:20] [1] 1.2
INFO [2025-05-14 13:34:20] 
INFO [2025-05-14 13:34:20] $cat.fontface
INFO [2025-05-14 13:34:20] [1] "bold"
INFO [2025-05-14 13:34:20] 
INFO [2025-05-14 13:34:20] $cat.default.pos
INFO [2025-05-14 13:34:20] [1] "outer"
INFO [2025-05-14 13:34:20] 
INFO [2025-05-14 13:34:20] $cat.pos
INFO [2025-05-14 13:34:20] c(-20, 20, 180)
INFO [2025-05-14 13:34:20] 
INFO [2025-05-14 13:34:20] $cat.dist
INFO [2025-05-14 13:34:20] c(0.05, 0.05, 0.06)
INFO [2025-05-14 13:34:20] 
INFO [2025-05-14 13:34:20] $cat.fontfamily
INFO [2025-05-14 13:34:20] [1] "sans"
INFO [2025-05-14 13:34:20] 
INFO [2025-05-14 13:34:20] $rotation
INFO [2025-05-14 13:34:20] [1] 1
INFO [2025-05-14 13:34:20] 
