INFO [2025-05-04 20:45:18] $x
INFO [2025-05-04 20:45:18] list(chosen_genevar, chosen_genevar_weights, chosen_pois)
INFO [2025-05-04 20:45:18] 
INFO [2025-05-04 20:45:18] $category.names
INFO [2025-05-04 20:45:18] c("Overfit", "No overfit", "Poisson")
INFO [2025-05-04 20:45:18] 
INFO [2025-05-04 20:45:18] $filename
INFO [2025-05-04 20:45:18] [1] "figures/3.FeatureSelection/VennDiagram.png"
INFO [2025-05-04 20:45:18] 
INFO [2025-05-04 20:45:18] $output
INFO [2025-05-04 20:45:18] [1] TRUE
INFO [2025-05-04 20:45:18] 
INFO [2025-05-04 20:45:18] $imagetype
INFO [2025-05-04 20:45:18] [1] "png"
INFO [2025-05-04 20:45:18] 
INFO [2025-05-04 20:45:18] $height
INFO [2025-05-04 20:45:18] [1] 1500
INFO [2025-05-04 20:45:18] 
INFO [2025-05-04 20:45:18] $width
INFO [2025-05-04 20:45:18] [1] 1500
INFO [2025-05-04 20:45:18] 
INFO [2025-05-04 20:45:18] $resolution
INFO [2025-05-04 20:45:18] [1] 300
INFO [2025-05-04 20:45:18] 
INFO [2025-05-04 20:45:18] $compression
INFO [2025-05-04 20:45:18] [1] "lzw"
INFO [2025-05-04 20:45:18] 
INFO [2025-05-04 20:45:18] $lwd
INFO [2025-05-04 20:45:18] [1] 2
INFO [2025-05-04 20:45:18] 
INFO [2025-05-04 20:45:18] $lty
INFO [2025-05-04 20:45:18] [1] "blank"
INFO [2025-05-04 20:45:18] 
INFO [2025-05-04 20:45:18] $fill
INFO [2025-05-04 20:45:18] myCol
INFO [2025-05-04 20:45:18] 
INFO [2025-05-04 20:45:18] $cex
INFO [2025-05-04 20:45:18] [1] 1
INFO [2025-05-04 20:45:18] 
INFO [2025-05-04 20:45:18] $fontface
INFO [2025-05-04 20:45:18] [1] "bold"
INFO [2025-05-04 20:45:18] 
INFO [2025-05-04 20:45:18] $fontfamily
INFO [2025-05-04 20:45:18] [1] "sans"
INFO [2025-05-04 20:45:18] 
INFO [2025-05-04 20:45:18] $cat.cex
INFO [2025-05-04 20:45:18] [1] 1.2
INFO [2025-05-04 20:45:18] 
INFO [2025-05-04 20:45:18] $cat.fontface
INFO [2025-05-04 20:45:18] [1] "bold"
INFO [2025-05-04 20:45:18] 
INFO [2025-05-04 20:45:18] $cat.default.pos
INFO [2025-05-04 20:45:18] [1] "outer"
INFO [2025-05-04 20:45:18] 
INFO [2025-05-04 20:45:18] $cat.pos
INFO [2025-05-04 20:45:18] c(-20, 20, 180)
INFO [2025-05-04 20:45:18] 
INFO [2025-05-04 20:45:18] $cat.dist
INFO [2025-05-04 20:45:18] c(0.05, 0.05, 0.06)
INFO [2025-05-04 20:45:18] 
INFO [2025-05-04 20:45:18] $cat.fontfamily
INFO [2025-05-04 20:45:18] [1] "sans"
INFO [2025-05-04 20:45:18] 
INFO [2025-05-04 20:45:18] $rotation
INFO [2025-05-04 20:45:18] [1] 1
INFO [2025-05-04 20:45:18] 
