INFO [2025-05-07 13:59:06] $x
INFO [2025-05-07 13:59:06] list(chosen_genevar, chosen_genevar_weights, chosen_pois)
INFO [2025-05-07 13:59:06] 
INFO [2025-05-07 13:59:06] $category.names
INFO [2025-05-07 13:59:06] c("Overfit", "No overfit", "Poisson")
INFO [2025-05-07 13:59:06] 
INFO [2025-05-07 13:59:06] $filename
INFO [2025-05-07 13:59:06] [1] "figures/3.FeatureSelection/VennDiagram.png"
INFO [2025-05-07 13:59:06] 
INFO [2025-05-07 13:59:06] $output
INFO [2025-05-07 13:59:06] [1] TRUE
INFO [2025-05-07 13:59:06] 
INFO [2025-05-07 13:59:06] $imagetype
INFO [2025-05-07 13:59:06] [1] "png"
INFO [2025-05-07 13:59:06] 
INFO [2025-05-07 13:59:06] $height
INFO [2025-05-07 13:59:06] [1] 1500
INFO [2025-05-07 13:59:06] 
INFO [2025-05-07 13:59:06] $width
INFO [2025-05-07 13:59:06] [1] 1500
INFO [2025-05-07 13:59:06] 
INFO [2025-05-07 13:59:06] $resolution
INFO [2025-05-07 13:59:06] [1] 300
INFO [2025-05-07 13:59:06] 
INFO [2025-05-07 13:59:06] $compression
INFO [2025-05-07 13:59:06] [1] "lzw"
INFO [2025-05-07 13:59:06] 
INFO [2025-05-07 13:59:06] $lwd
INFO [2025-05-07 13:59:06] [1] 2
INFO [2025-05-07 13:59:06] 
INFO [2025-05-07 13:59:06] $lty
INFO [2025-05-07 13:59:06] [1] "blank"
INFO [2025-05-07 13:59:06] 
INFO [2025-05-07 13:59:06] $fill
INFO [2025-05-07 13:59:06] myCol
INFO [2025-05-07 13:59:06] 
INFO [2025-05-07 13:59:06] $cex
INFO [2025-05-07 13:59:06] [1] 1
INFO [2025-05-07 13:59:06] 
INFO [2025-05-07 13:59:06] $fontface
INFO [2025-05-07 13:59:06] [1] "bold"
INFO [2025-05-07 13:59:06] 
INFO [2025-05-07 13:59:06] $fontfamily
INFO [2025-05-07 13:59:06] [1] "sans"
INFO [2025-05-07 13:59:06] 
INFO [2025-05-07 13:59:06] $cat.cex
INFO [2025-05-07 13:59:06] [1] 1.2
INFO [2025-05-07 13:59:06] 
INFO [2025-05-07 13:59:06] $cat.fontface
INFO [2025-05-07 13:59:06] [1] "bold"
INFO [2025-05-07 13:59:06] 
INFO [2025-05-07 13:59:06] $cat.default.pos
INFO [2025-05-07 13:59:06] [1] "outer"
INFO [2025-05-07 13:59:06] 
INFO [2025-05-07 13:59:06] $cat.pos
INFO [2025-05-07 13:59:06] c(-20, 20, 180)
INFO [2025-05-07 13:59:06] 
INFO [2025-05-07 13:59:06] $cat.dist
INFO [2025-05-07 13:59:06] c(0.05, 0.05, 0.06)
INFO [2025-05-07 13:59:06] 
INFO [2025-05-07 13:59:06] $cat.fontfamily
INFO [2025-05-07 13:59:06] [1] "sans"
INFO [2025-05-07 13:59:06] 
INFO [2025-05-07 13:59:06] $rotation
INFO [2025-05-07 13:59:06] [1] 1
INFO [2025-05-07 13:59:06] 
